# JRE version: Java(TM) SE Runtime Environment (21.0.2+13) (build 21.0.2+13-LTS-58)
# Java VM: Java HotSpot(TM) 64-Bit Server VM (21.0.2+13-LTS-58, mixed mode, emulated-client, sharing, tiered, compressed oops, compressed class ptrs, g1 gc, windows-amd64)
GC Precious Log:
 CardTable entry size: 512
 Card Set container configuration: InlinePtr #cards 4 size 8 Array Of Cards #cards 16 size 48 Howl #buckets 8 coarsen threshold 3686 Howl Bitmap #cards 512 size 80 coarsen threshold 460 Card regions per heap region 1 cards per card region 4096
 CPUs: 12 total, 12 available
 Memory: 16016M
 Large Page Support: Disabled
 NUMA Support: Disabled
 Compressed Oops: Enabled (Zero based)
 Heap Region Size: 2M
 Heap Min Capacity: 8M
 Heap Initial Capacity: 252M
 Heap Max Capacity: 4006M
 Pre-touch: Disabled
 Parallel Workers: 10
 Concurrent Workers: 3
 Concurrent Refinement Workers: 10
 Periodic GC: Disabled
Heap:
 garbage-first heap   total 114688K, used 72419K [0x0000000705a00000, 0x0000000800000000)
  region size 2048K, 22 young (45056K), 3 survivors (6144K)
 Metaspace       used 75394K, committed 76288K, reserved 1114112K
  class space    used 10939K, committed 11392K, reserved 1048576K
GC Heap History (20 events):
Event: 3.772 GC heap before
{Heap before GC invocations=4 (full 0):
 garbage-first heap   total 61440K, used 43506K [0x0000000705a00000, 0x0000000800000000)
  region size 2048K, 18 young (36864K), 3 survivors (6144K)
 Metaspace       used 21747K, committed 22144K, reserved 1114112K
  class space    used 2829K, committed 3008K, reserved 1048576K
}
Event: 3.782 GC heap after
{Heap after GC invocations=5 (full 0):
 garbage-first heap   total 61440K, used 15878K [0x0000000705a00000, 0x0000000800000000)
  region size 2048K, 3 young (6144K), 3 survivors (6144K)
 Metaspace       used 21747K, committed 22144K, reserved 1114112K
  class space    used 2829K, committed 3008K, reserved 1048576K
}
Event: 4.493 GC heap before
{Heap before GC invocations=5 (full 0):
 garbage-first heap   total 61440K, used 44550K [0x0000000705a00000, 0x0000000800000000)
  region size 2048K, 17 young (34816K), 3 survivors (6144K)
 Metaspace       used 24432K, committed 24832K, reserved 1114112K
  class space    used 3225K, committed 3392K, reserved 1048576K
}
Event: 4.502 GC heap after
{Heap after GC invocations=6 (full 0):
 garbage-first heap   total 61440K, used 17337K [0x0000000705a00000, 0x0000000800000000)
  region size 2048K, 3 young (6144K), 3 survivors (6144K)
 Metaspace       used 24432K, committed 24832K, reserved 1114112K
  class space    used 3225K, committed 3392K, reserved 1048576K
}
Event: 5.169 GC heap before
{Heap before GC invocations=6 (full 0):
 garbage-first heap   total 61440K, used 46009K [0x0000000705a00000, 0x0000000800000000)
  region size 2048K, 17 young (34816K), 3 survivors (6144K)
 Metaspace       used 28051K, committed 28544K, reserved 1114112K
  class space    used 3755K, committed 3968K, reserved 1048576K
}
Event: 5.179 GC heap after
{Heap after GC invocations=7 (full 0):
 garbage-first heap   total 159744K, used 19719K [0x0000000705a00000, 0x0000000800000000)
  region size 2048K, 3 young (6144K), 3 survivors (6144K)
 Metaspace       used 28051K, committed 28544K, reserved 1114112K
  class space    used 3755K, committed 3968K, reserved 1048576K
}
Event: 5.850 GC heap before
{Heap before GC invocations=7 (full 0):
 garbage-first heap   total 159744K, used 50439K [0x0000000705a00000, 0x0000000800000000)
  region size 2048K, 20 young (40960K), 3 survivors (6144K)
 Metaspace       used 32351K, committed 32960K, reserved 1114112K
  class space    used 4329K, committed 4608K, reserved 1048576K
}
Event: 5.861 GC heap after
{Heap after GC invocations=8 (full 0):
 garbage-first heap   total 159744K, used 22145K [0x0000000705a00000, 0x0000000800000000)
  region size 2048K, 4 young (8192K), 4 survivors (8192K)
 Metaspace       used 32351K, committed 32960K, reserved 1114112K
  class space    used 4329K, committed 4608K, reserved 1048576K
}
Event: 7.004 GC heap before
{Heap before GC invocations=9 (full 0):
 garbage-first heap   total 90112K, used 67201K [0x0000000705a00000, 0x0000000800000000)
  region size 2048K, 26 young (53248K), 4 survivors (8192K)
 Metaspace       used 42328K, committed 42944K, reserved 1114112K
  class space    used 5816K, committed 6080K, reserved 1048576K
}
Event: 7.014 GC heap after
{Heap after GC invocations=10 (full 0):
 garbage-first heap   total 90112K, used 23960K [0x0000000705a00000, 0x0000000800000000)
  region size 2048K, 3 young (6144K), 3 survivors (6144K)
 Metaspace       used 42328K, committed 42944K, reserved 1114112K
  class space    used 5816K, committed 6080K, reserved 1048576K
}
Event: 8.149 GC heap before
{Heap before GC invocations=10 (full 0):
 garbage-first heap   total 90112K, used 71064K [0x0000000705a00000, 0x0000000800000000)
  region size 2048K, 26 young (53248K), 3 survivors (6144K)
 Metaspace       used 52497K, committed 53120K, reserved 1114112K
  class space    used 7344K, committed 7616K, reserved 1048576K
}
Event: 8.158 GC heap after
{Heap after GC invocations=11 (full 0):
 garbage-first heap   total 90112K, used 26174K [0x0000000705a00000, 0x0000000800000000)
  region size 2048K, 3 young (6144K), 3 survivors (6144K)
 Metaspace       used 52497K, committed 53120K, reserved 1114112K
  class space    used 7344K, committed 7616K, reserved 1048576K
}
Event: 8.534 GC heap before
{Heap before GC invocations=11 (full 0):
 garbage-first heap   total 90112K, used 40510K [0x0000000705a00000, 0x0000000800000000)
  region size 2048K, 12 young (24576K), 3 survivors (6144K)
 Metaspace       used 54525K, committed 55168K, reserved 1114112K
  class space    used 7674K, committed 7936K, reserved 1048576K
}
Event: 8.541 GC heap after
{Heap after GC invocations=12 (full 0):
 garbage-first heap   total 90112K, used 26965K [0x0000000705a00000, 0x0000000800000000)
  region size 2048K, 2 young (4096K), 2 survivors (4096K)
 Metaspace       used 54525K, committed 55168K, reserved 1114112K
  class space    used 7674K, committed 7936K, reserved 1048576K
}
Event: 9.807 GC heap before
{Heap before GC invocations=13 (full 0):
 garbage-first heap   total 90112K, used 76117K [0x0000000705a00000, 0x0000000800000000)
  region size 2048K, 26 young (53248K), 2 survivors (4096K)
 Metaspace       used 61879K, committed 62656K, reserved 1114112K
  class space    used 8847K, committed 9216K, reserved 1048576K
}
Event: 9.815 GC heap after
{Heap after GC invocations=14 (full 0):
 garbage-first heap   total 90112K, used 31096K [0x0000000705a00000, 0x0000000800000000)
  region size 2048K, 4 young (8192K), 4 survivors (8192K)
 Metaspace       used 61879K, committed 62656K, reserved 1114112K
  class space    used 8847K, committed 9216K, reserved 1048576K
}
Event: 10.451 GC heap before
{Heap before GC invocations=14 (full 0):
 garbage-first heap   total 90112K, used 72056K [0x0000000705a00000, 0x0000000800000000)
  region size 2048K, 25 young (51200K), 4 survivors (8192K)
 Metaspace       used 65855K, committed 66624K, reserved 1114112K
  class space    used 9515K, committed 9856K, reserved 1048576K
}
Event: 10.462 GC heap after
{Heap after GC invocations=15 (full 0):
 garbage-first heap   total 90112K, used 33792K [0x0000000705a00000, 0x0000000800000000)
  region size 2048K, 4 young (8192K), 4 survivors (8192K)
 Metaspace       used 65855K, committed 66624K, reserved 1114112K
  class space    used 9515K, committed 9856K, reserved 1048576K
}
Event: 11.379 GC heap before
{Heap before GC invocations=15 (full 0):
 garbage-first heap   total 90112K, used 74752K [0x0000000705a00000, 0x0000000800000000)
  region size 2048K, 24 young (49152K), 4 survivors (8192K)
 Metaspace       used 70256K, committed 71104K, reserved 1114112K
  class space    used 10207K, committed 10624K, reserved 1048576K
}
Event: 11.391 GC heap after
{Heap after GC invocations=16 (full 0):
 garbage-first heap   total 114688K, used 37603K [0x0000000705a00000, 0x0000000800000000)
  region size 2048K, 3 young (6144K), 3 survivors (6144K)
 Metaspace       used 70256K, committed 71104K, reserved 1114112K
  class space    used 10207K, committed 10624K, reserved 1048576K
}

